Build started 30/7/2015 11:25:18 πμ.
     1>Project "C:\Users\George\Documents\Visual Studio 2013\Projects\Market2\Market2\Market2.vcxproj" on node 2 (Build target(s)).
     1>ClCompile:
         C:\Program Files (x86)\Microsoft Visual Studio 12.0\VC\bin\CL.exe /c /ZI /nologo /W3 /WX- /sdl /Od /Oy- /D _MBCS /Gm /EHsc /RTC1 /MDd /GS /fp:precise /Zc:wchar_t /Zc:forScope /Fo"Debug\\" /Fd"Debug\vc120.pdb" /Gd /TP /analyze- /errorReport:prompt Bank.cpp Consumer.cpp Energy.cpp Global_Objects.cpp Producer.cpp main.cpp
         main.cpp
         Generating Code...
         Compiling...
         Producer.cpp
     1>c:\users\george\documents\visual studio 2013\projects\market2\market2\producer.cpp(38): warning C4102: 'std' : unreferenced label
     1>c:\users\george\documents\visual studio 2013\projects\market2\market2\producer.cpp(80): warning C4244: 'argument' : conversion from 'float' to 'int', possible loss of data
     1>c:\users\george\documents\visual studio 2013\projects\market2\market2\producer.cpp(176): warning C4305: 'return' : truncation from 'double' to 'float'
     1>c:\users\george\documents\visual studio 2013\projects\market2\market2\producer.cpp(269): warning C4018: '<' : signed/unsigned mismatch
     1>c:\users\george\documents\visual studio 2013\projects\market2\market2\producer.cpp(279): warning C4102: 'std' : unreferenced label
     1>c:\users\george\documents\visual studio 2013\projects\market2\market2\producer.cpp(288): warning C4102: 'std' : unreferenced label
     1>c:\users\george\documents\visual studio 2013\projects\market2\market2\producer.cpp(297): warning C4102: 'std' : unreferenced label
         Global_Objects.cpp
         Energy.cpp
         Consumer.cpp
     1>c:\users\george\documents\visual studio 2013\projects\market2\market2\consumer.cpp(40): warning C4102: 'std' : unreferenced label
     1>c:\users\george\documents\visual studio 2013\projects\market2\market2\consumer.cpp(108): warning C4244: 'initializing' : conversion from 'int' to 'float', possible loss of data
     1>c:\users\george\documents\visual studio 2013\projects\market2\market2\consumer.cpp(133): warning C4244: 'argument' : conversion from 'float' to 'int', possible loss of data
     1>c:\users\george\documents\visual studio 2013\projects\market2\market2\consumer.cpp(181): warning C4018: '<' : signed/unsigned mismatch
     1>c:\users\george\documents\visual studio 2013\projects\market2\market2\consumer.cpp(296): warning C4102: 'std' : unreferenced label
     1>c:\users\george\documents\visual studio 2013\projects\market2\market2\consumer.cpp(361): warning C4102: 'std' : unreferenced label
     1>c:\users\george\documents\visual studio 2013\projects\market2\market2\consumer.cpp(370): warning C4102: 'std' : unreferenced label
         Bank.cpp
     1>c:\users\george\documents\visual studio 2013\projects\market2\market2\bank.cpp(112): warning C4244: 'argument' : conversion from 'float' to 'int', possible loss of data
         Generating Code...
     1>c:\users\george\documents\visual studio 2013\projects\market2\market2\bank.cpp(94): warning C4715: 'Bank::can_produce' : not all control paths return a value
     1>c:\users\george\documents\visual studio 2013\projects\market2\market2\producer.cpp(230): warning C4715: 'Producer::period_of_day' : not all control paths return a value
       Link:
         C:\Program Files (x86)\Microsoft Visual Studio 12.0\VC\bin\link.exe /ERRORREPORT:PROMPT /OUT:"C:\Users\George\Documents\Visual Studio 2013\Projects\Market2\Debug\Market2.exe" /INCREMENTAL /NOLOGO kernel32.lib user32.lib gdi32.lib winspool.lib comdlg32.lib advapi32.lib shell32.lib ole32.lib oleaut32.lib uuid.lib odbc32.lib odbccp32.lib /MANIFEST /MANIFESTUAC:"level='asInvoker' uiAccess='false'" /manifest:embed /DEBUG /PDB:"C:\Users\George\Documents\Visual Studio 2013\Projects\Market2\Debug\Market2.pdb" /TLBID:1 /DYNAMICBASE /NXCOMPAT /IMPLIB:"C:\Users\George\Documents\Visual Studio 2013\Projects\Market2\Debug\Market2.lib" /MACHINE:X86 Debug\Bank.obj
         Debug\Consumer.obj
         Debug\Energy.obj
         Debug\Global_Objects.obj
         Debug\main.obj
         Debug\Producer.obj
         Market2.vcxproj -> C:\Users\George\Documents\Visual Studio 2013\Projects\Market2\Debug\Market2.exe
     1>Done Building Project "C:\Users\George\Documents\Visual Studio 2013\Projects\Market2\Market2\Market2.vcxproj" (Build target(s)).

Build succeeded.

Time Elapsed 00:00:10.42
